{"synthetic": false,
 "outputs":
 {"o": ["1212517534118735574"],
  "i": "10911682923465178390",
  "c": "12908103557461525081"},
 "log":
 [{"message":
   ".> LEAN_PATH=/Users/liuruichen/Developer/2025/BU_CS511_Project/.lake/build/lib/lean /Users/liuruichen/.elan/toolchains/leanprover--lean4---v4.23.0/bin/lean /Users/liuruichen/Developer/2025/BU_CS511_Project/GcodeLean/AST.lean -o /Users/liuruichen/Developer/2025/BU_CS511_Project/.lake/build/lib/lean/GcodeLean/AST.olean -i /Users/liuruichen/Developer/2025/BU_CS511_Project/.lake/build/lib/lean/GcodeLean/AST.ilean -c /Users/liuruichen/Developer/2025/BU_CS511_Project/.lake/build/ir/GcodeLean/AST.c --setup /Users/liuruichen/Developer/2025/BU_CS511_Project/.lake/build/ir/GcodeLean/AST.setup.json --json",
   "level": "trace"}],
 "inputs":
 [["GcodeLean.AST:deps",
   [["deps",
     [["«gcode-lean»/GcodeLean:extraDep", [["@«gcode-lean»:extraDep", "1723"]]],
      ["imports", "1723"]]],
    ["libs",
     [["import dynlibs", "1723"],
      ["package external libraries", "1723"],
      ["module dynlibs", "1723"],
      ["module plugins", "1723"]]]]],
  ["Lean 4.23.0, commit 50aaf682e9b74ab92880292a25c68baa1cc81c87",
   "5786258275165720599"],
  ["/Users/liuruichen/Developer/2025/BU_CS511_Project/GcodeLean/AST.lean",
   "14268404140336074836"],
  ["options", "1723"],
  ["Module.leanArgs: #[]", "1723"]],
 "depHash": "15947587266934125475"}