{"synthetic": false,
 "outputs":
 {"o": ["9546248079673926541"],
  "i": "17530974865346783100",
  "c": "656240883455729942"},
 "log":
 [{"message":
   ".> LEAN_PATH=/Users/liuruichen/Developer/2025/BU_CS511_Project/.lake/build/lib/lean /Users/liuruichen/.elan/toolchains/leanprover--lean4---v4.23.0/bin/lean /Users/liuruichen/Developer/2025/BU_CS511_Project/GcodeLean/Config.lean -o /Users/liuruichen/Developer/2025/BU_CS511_Project/.lake/build/lib/lean/GcodeLean/Config.olean -i /Users/liuruichen/Developer/2025/BU_CS511_Project/.lake/build/lib/lean/GcodeLean/Config.ilean -c /Users/liuruichen/Developer/2025/BU_CS511_Project/.lake/build/ir/GcodeLean/Config.c --setup /Users/liuruichen/Developer/2025/BU_CS511_Project/.lake/build/ir/GcodeLean/Config.setup.json --json",
   "level": "trace"}],
 "inputs":
 [["GcodeLean.Config:deps",
   [["deps",
     [["«gcode-lean»/GcodeLean:extraDep", [["@«gcode-lean»:extraDep", "1723"]]],
      ["imports", "1723"]]],
    ["libs",
     [["import dynlibs", "1723"],
      ["package external libraries", "1723"],
      ["module dynlibs", "1723"],
      ["module plugins", "1723"]]]]],
  ["Lean 4.23.0, commit 50aaf682e9b74ab92880292a25c68baa1cc81c87",
   "5786258275165720599"],
  ["/Users/liuruichen/Developer/2025/BU_CS511_Project/GcodeLean/Config.lean",
   "12242972164382778538"],
  ["options", "1723"],
  ["Module.leanArgs: #[]", "1723"]],
 "depHash": "6073489992549258281"}